<?xml version="1.0" encoding="UTF-8"?>
<!-- Generated by org.testng.reporters.JUnitReportReporter -->
<testsuite hostname="Siva" failures="0" tests="1" name="log4jtutorial.Log4jdemo" time="5.592" errors="0" timestamp="2023-02-20T15:47:07 IST" skipped="0">
  <testcase classname="log4jtutorial.Log4jdemo" name="log4j" time="5.592"/>
  <system-out/>
</testsuite> <!-- log4jtutorial.Log4jdemo -->
