<?xml version="1.0" encoding="UTF-8"?>
<!-- Generated by org.testng.reporters.JUnitReportReporter -->
<testsuite hostname="Siva" failures="0" tests="1" name="SeleniumPractice.RightClickFunctionality" time="11.724" errors="0" timestamp="2023-03-07T10:31:35 IST" skipped="0">
  <testcase classname="SeleniumPractice.RightClickFunctionality" name="righhtclick" time="11.724"/>
  <system-out/>
</testsuite> <!-- SeleniumPractice.RightClickFunctionality -->
