<?xml version="1.0" encoding="UTF-8"?>
<!-- Generated by org.testng.reporters.JUnitReportReporter -->
<testsuite hostname="Siva" failures="0" tests="1" name="SeleniumPractice.LocatorClassNamePracticeonFB" time="10.475" errors="0" timestamp="2023-03-07T10:42:34 IST" skipped="0">
  <testcase classname="SeleniumPractice.LocatorClassNamePracticeonFB" name="locatorsclassName" time="10.475"/>
  <system-out/>
</testsuite> <!-- SeleniumPractice.LocatorClassNamePracticeonFB -->
