<?xml version="1.0" encoding="UTF-8"?>
<!-- Generated by org.testng.reporters.JUnitReportReporter -->
<testsuite hostname="Siva" failures="0" tests="1" name="SeleniumPractice.LocatorsClassName" time="13.346" errors="0" timestamp="2023-03-07T12:45:48 IST" skipped="0">
  <testcase classname="SeleniumPractice.LocatorsClassName" name="locatorClassName" time="13.346"/>
  <system-out/>
</testsuite> <!-- SeleniumPractice.LocatorsClassName -->
