<?xml version="1.0" encoding="UTF-8"?>
<!-- Generated by org.testng.reporters.JUnitReportReporter -->
<testsuite hostname="Siva" failures="0" tests="1" name="SeleniumPractice.LocatorsIDPractice" time="14.347" errors="0" timestamp="2023-03-07T10:43:53 IST" skipped="0">
  <testcase classname="SeleniumPractice.LocatorsIDPractice" name="locatorid" time="14.347"/>
  <system-out/>
</testsuite> <!-- SeleniumPractice.LocatorsIDPractice -->
