<?xml version="1.0" encoding="UTF-8"?>
<!-- Generated by org.testng.reporters.JUnitReportReporter -->
<testsuite hostname="Siva" failures="0" tests="8" name="testngtutorial.TestNGAlphabeticalorder" time="86.570" errors="0" timestamp="2023-03-06T15:27:30 IST" skipped="0">
  <testcase classname="testngtutorial.TestNGAlphabeticalorder" name="meesho" time="5.518"/>
  <system-out/>
  <testcase classname="testngtutorial.TestNGAlphabeticalorder" name="whatsapp" time="6.327"/>
  <system-out/>
  <testcase classname="testngtutorial.TestNGAlphabeticalorder" name="twitter" time="16.647"/>
  <system-out/>
  <testcase classname="testngtutorial.TestNGAlphabeticalorder" name="redmine" time="10.746"/>
  <system-out/>
  <testcase classname="testngtutorial.TestNGAlphabeticalorder" name="facebook" time="8.963"/>
  <system-out/>
  <testcase classname="testngtutorial.TestNGAlphabeticalorder" name="flipkart" time="26.015"/>
  <system-out/>
  <testcase classname="testngtutorial.TestNGAlphabeticalorder" name="amazon" time="6.609"/>
  <system-out/>
  <testcase classname="testngtutorial.TestNGAlphabeticalorder" name="google" time="5.745"/>
  <system-out/>
</testsuite> <!-- testngtutorial.TestNGAlphabeticalorder -->
