<?xml version="1.0" encoding="UTF-8"?>
<!-- Generated by org.testng.reporters.JUnitReportReporter -->
<testsuite hostname="Siva" failures="0" tests="1" name="testngtutorial.TestNgpractice" time="8.754" errors="0" timestamp="2023-03-06T15:57:54 IST" skipped="0">
  <testcase classname="testngtutorial.TestNgpractice" name="analysis" time="8.754"/>
  <system-out/>
</testsuite> <!-- testngtutorial.TestNgpractice -->
