<?xml version="1.0" encoding="UTF-8"?>
<!-- Generated by org.testng.reporters.JUnitReportReporter -->
<testsuite hostname="Siva" failures="0" tests="1" name="SeleniumPractice.Doubleclick" time="12.354" errors="0" timestamp="2023-02-20T16:06:07 IST" skipped="0">
  <testcase classname="SeleniumPractice.Doubleclick" name="doubleclickfunctionality" time="12.354"/>
  <system-out/>
</testsuite> <!-- SeleniumPractice.Doubleclick -->
