<?xml version="1.0" encoding="UTF-8"?>
<!-- Generated by org.testng.reporters.JUnitReportReporter -->
<testsuite hostname="Siva" failures="0" tests="4" name="junitpractice.Practicetask" time="71.453" errors="0" timestamp="2023-03-03T21:42:29 IST" skipped="0">
  <testcase classname="junitpractice.Practicetask" name="Google" time="9.985"/>
  <system-out/>
  <testcase classname="junitpractice.Practicetask" name="googlemaps" time="26.557"/>
  <system-out/>
  <testcase classname="junitpractice.Practicetask" name="redmine" time="18.904"/>
  <system-out/>
  <testcase classname="junitpractice.Practicetask" name="twitter" time="16.007"/>
  <system-out/>
</testsuite> <!-- junitpractice.Practicetask -->
